* using log directory 'H:/R/Projekte/parallelTools/parallelTools.Rcheck'
* using R version 3.0.1 (2013-05-16)
* using platform: x86_64-w64-mingw32 (64-bit)
* using session charset: ISO8859-1
* checking for file 'parallelTools/DESCRIPTION' ... OK
* checking extension type ... Package
* this is package 'parallelTools' version '0.1'
* checking package namespace information ... OK
* checking package dependencies ... OK
* checking if this is a source package ... OK
* checking if there is a namespace ... OK
* checking for executable files ... OK
* checking for hidden files and directories ... OK
* checking for portable file names ... OK
* checking whether package 'parallelTools' can be installed ... OK
* checking installed package size ... OK
* checking package directory ... OK
* checking DESCRIPTION meta-information ... OK
* checking top-level files ... OK
* checking for left-over files ... OK
* checking index information ... OK
* checking package subdirectories ... OK
* checking R files for non-ASCII characters ... OK
* checking R files for syntax errors ... OK
* checking whether the package can be loaded ... OK
* checking whether the package can be loaded with stated dependencies ... OK
* checking whether the package can be unloaded cleanly ... OK
* checking whether the namespace can be loaded with stated dependencies ... OK
* checking whether the namespace can be unloaded cleanly ... OK
* checking loading without being on the library search path ... OK
* checking for unstated dependencies in R code ... OK
* checking S3 generic/method consistency ... OK
* checking replacement functions ... OK
* checking foreign function calls ... OK
* checking R code for possible problems ... OK
* checking Rd files ... OK
* checking Rd metadata ... OK
* checking Rd cross-references ... OK
* checking for missing documentation entries ... OK
* checking for code/documentation mismatches ... OK
* checking Rd \usage sections ... WARNING
Undocumented arguments in documentation object 'mclapply'
  'mc.set.seed' 'mc.silent' 'mc.cleanup' 'mc.allow.recursive'

Functions with \usage entries need to have the appropriate \alias
entries, and all their arguments documented.
The \usage entries must correspond to syntactically valid R code.
See the chapter 'Writing R documentation files' in the 'Writing R
Extensions' manual.
* checking Rd contents ... OK
* checking for unstated dependencies in examples ... OK
* checking examples ... ERROR
Running examples in 'parallelTools-Ex.R' failed
The error most likely occurred in:

> ### Name: mclapply
> ### Title: mclapply - Wrapper for parallel::mclapply/clusterApply
> ### Aliases: mclapply
> 
> ### ** Examples
> 
> genData <- function(n) {
+   dat <- data.frame()
+   for (i in 1:n) {
+     dat <- rbind(dat, data.frame(colA = letters[sample(26)], colB = letters[sample(26)]))
+   }
+   dat
+ }
> 
> slowFunction <- function(dat) {
+   dat$ind <- logical(nrow(dat))
+ 
+   for (i in 1:nrow(dat)) {
+     dat$ind[i] <- grepl(dat$colA[i], dat$colB[i])
+   }
+ 
+   dat
+ }
> 
> nCores <- detectCores() - 1
> dat <- genData(1000)
> dat$sample <- gl(nCores, 1)
Error in `$<-.data.frame`(`*tmp*`, "sample", value = 1:3) : 
  replacement has 3 rows, data has 26000
Calls: $<- -> $<-.data.frame
Execution halted
